
> ieee-sbc-website@1.0.0 server:dev
> nodemon --exec node server/index.js

[33m[nodemon] 3.1.14[39m
[33m[nodemon] to restart at any time, enter `rs`[39m
[33m[nodemon] watching path(s): *.*[39m
[33m[nodemon] watching extensions: js,mjs,cjs,json[39m
[32m[nodemon] starting `node server/index.js`[39m
Server running on port 5000
MongoDB connected
[32m[nodemon] restarting due to changes...[39m
[32m[nodemon] starting `node server/index.js`[39m
[31m[nodemon] app crashed - waiting for file changes before starting...[39m
[32m[nodemon] restarting due to changes...[39m
[32m[nodemon] starting `node server/index.js`[39m
[32m[nodemon] restarting due to changes...[39m
[32m[nodemon] starting `node server/index.js`[39m
[31m[nodemon] app crashed - waiting for file changes before starting...[39m
[32m[nodemon] restarting due to changes...[39m
[32m[nodemon] starting `node server/index.js`[39m
Server running on port 5000
MongoDB connected
[32m[nodemon] restarting due to changes...[39m
[32m[nodemon] starting `node server/index.js`[39m
[31m[nodemon] app crashed - waiting for file changes before starting...[39m
